[2024-04-18 05:05:01,988] 24 root - INFO - data ingestion started.
[2024-04-18 05:05:03,582] 27 root - INFO - reading a dataframe.
[2024-04-18 05:05:04,901] 31 root - INFO - Saving raw data to to artifact folder
[2024-04-18 05:05:04,901] 33 root - INFO - Perform the train test split
[2024-04-18 05:05:06,331] 39 root - INFO - data ingestion part completed
[2024-04-18 05:05:06,338] 75 root - INFO - Data Transformation Initiated
[2024-04-18 05:05:06,630] 79 root - INFO - read train and test data complete
[2024-04-18 05:05:06,645] 80 root - INFO - Train Dataframe Head : 
       id  carat      cut color clarity  depth  table     x     y     z  price
0   30545   1.25    Ideal     F     VS1   62.6   56.0  6.83  6.87  4.30  10967
1   97396   0.53  Premium     G     VS1   62.1   59.0  5.18  5.15  3.21   1607
2   62970   0.54    Ideal     G     VS1   61.5   57.0  5.23  5.29  3.23   1843
3  129880   0.71    Ideal     G     VS1   61.6   55.0  5.75  5.78  3.55   2858
4  143857   0.54    Ideal     H    VVS1   61.3   56.0  5.26  5.28  3.23   1949
[2024-04-18 05:05:06,653] 81 root - INFO - Test Dataframe Head : 
       id  carat      cut color clarity  depth  table     x     y     z  price
0    1519   0.74    Ideal     G     VS1   62.0   57.0  5.77  5.80  3.58   3062
1  161895   1.03    Ideal     G     SI1   61.6   55.0  6.52  6.55  4.02   4627
2  137369   1.62  Premium     F     VS2   62.4   58.0  7.49  7.52  4.69  15282
3   19245   0.90     Good     G     SI1   63.6   57.0  6.13  6.07  3.88   3774
4  102691   0.35    Ideal     D     VS2   61.4   56.0  4.60  4.56  2.81   1063
[2024-04-18 05:05:06,653] 29 root - INFO - Data Transformation initiated
[2024-04-18 05:05:06,653] 40 root - INFO - Pipeline Initiated
[2024-04-18 05:05:07,183] 98 root - INFO - Applying preprocessing object on training and testing datasets.
[2024-04-18 05:05:07,200] 107 root - INFO - preprocessing pickle file saved
